<?xml version="1.0" encoding="UTF-8"?>
<testng-results skipped="0" failed="0" ignored="0" total="2" passed="2">
  <reporter-output>
  </reporter-output>
  <suite name="Default suite" duration-ms="55841" started-at="2018-08-31T10:59:37Z" finished-at="2018-08-31T11:00:33Z">
    <groups>
    </groups>
    <test name="Default test" duration-ms="55841" started-at="2018-08-31T10:59:37Z" finished-at="2018-08-31T11:00:33Z">
      <class name="trigger.Execution">
        <test-method status="PASS" signature="launch()[pri:0, instance:trigger.Execution@14acaea5]" name="launch" is-config="true" duration-ms="9383" started-at="2018-08-31T10:59:37Z" finished-at="2018-08-31T10:59:46Z">
          <reporter-output>
          </reporter-output>
        </test-method> <!-- launch -->
        <test-method status="PASS" signature="login()[pri:1, instance:trigger.Execution@14acaea5]" name="login" duration-ms="4734" started-at="2018-08-31T10:59:46Z" finished-at="2018-08-31T10:59:51Z">
          <reporter-output>
          </reporter-output>
        </test-method> <!-- login -->
        <test-method status="PASS" signature="links()[pri:2, instance:trigger.Execution@14acaea5]" name="links" duration-ms="41671" started-at="2018-08-31T10:59:51Z" finished-at="2018-08-31T11:00:33Z">
          <reporter-output>
          </reporter-output>
        </test-method> <!-- links -->
      </class> <!-- trigger.Execution -->
    </test> <!-- Default test -->
  </suite> <!-- Default suite -->
</testng-results>
